2019-07-02 DEBUG [main] (Log4J.java:30) - This is a Debug
2019-07-02  INFO [main] (Log4J.java:31) - This is an Info
2019-07-02  WARN [main] (Log4J.java:32) - This is a Warn
2019-07-02 ERROR [main] (Log4J.java:33) - This is an Error
2019-07-02 FATAL [main] (Log4J.java:34) - This is a Fatal
2019-07-02  INFO [main] (DbConnection.java:24) - Connection successful
2019-07-02 ERROR [main] (DbConnection.java:195) - hata addNot...
2019-07-02  INFO [main] (DbConnection.java:24) - Connection successful
2019-07-02  INFO [main] (DbConnection.java:24) - Connection successful
2019-07-02 ERROR [main] (DbConnection.java:195) - hata addNot...
2019-07-02  INFO [main] (DbConnection.java:24) - Connection successful
2019-07-02  INFO [main] (DbConnection.java:24) - Connection successful
2019-07-02 ERROR [main] (DbConnection.java:194) - hata deleteNot...
2019-07-02  INFO [main] (DbConnection.java:24) - Connection successful
2019-07-02 ERROR [main] (DbConnection.java:194) - hata addNot...
2019-07-02 ERROR [main] (DbConnection.java:355) - hata updateNot...
2019-07-02  INFO [main] (DbConnection.java:44) - Connection successful
2019-07-02  INFO [main] (DbConnection.java:44) - Connection successful
2019-07-02  INFO [main] (DbConnection.java:44) - Connection successful
2019-07-02  INFO [main] (DbConnection.java:44) - Connection successful
2019-07-02  INFO [main] (DbConnection.java:28) - Connection successful
2019-07-02  INFO [main] (DbConnection.java:28) - Connection successful
2019-07-02 ERROR [main] (DbConnection.java:49) - getSt...
2019-07-02  INFO [main] (DbConnection.java:28) - Connection successful
2019-07-02 ERROR [main] (DbConnection.java:49) - getSt...
2019-07-02  INFO [main] (DbConnection.java:28) - Connection successful
2019-07-02 ERROR [main] (DbConnection.java:49) - getSt...
2019-07-02  INFO [main] (DbConnection.java:28) - Connection successful
2019-07-02 ERROR [main] (DbConnection.java:49) - getSt...
2019-07-02  INFO [main] (DbConnection.java:28) - Connection successful
2019-07-02 ERROR [main] (DbConnection.java:49) - getSt...
2019-07-02  INFO [main] (DbConnection.java:28) - Connection successful
2019-07-02 ERROR [main] (DbConnection.java:49) - getSt...
2019-07-02  INFO [main] (DbConnection.java:28) - Connection successful
2019-07-02  INFO [main] (DbConnection.java:28) - Connection successful
2019-07-02 ERROR [main] (DbConnection.java:49) - getSt...
2019-07-02  INFO [main] (DbConnection.java:28) - Connection successful
2019-07-02 ERROR [main] (DbConnection.java:49) - getSt...
2019-07-02  INFO [main] (DbConnection.java:28) - Connection successful
2019-07-02 ERROR [main] (DbConnection.java:49) - getSt...
2019-07-02 ERROR [main] (DbConnection.java:39) - stQuery...
2019-07-02  INFO [main] (DbConnection.java:28) - Connection successful
2019-07-02 ERROR [main] (DbConnection.java:49) - getSt...
2019-07-02  INFO [main] (DbConnection.java:28) - Connection successful
2019-07-02 ERROR [main] (DbConnection.java:49) - getSt...
2019-07-02  INFO [main] (DbConnection.java:28) - Connection successful
2019-07-02 ERROR [main] (DbConnection.java:49) - getSt...
2019-07-02  INFO [main] (DbConnection.java:28) - Connection successful
2019-07-02 ERROR [main] (DbConnection.java:39) - stQuery...
2019-07-02  INFO [main] (DbConnection.java:28) - Connection successful
2019-07-02 ERROR [main] (DbConnection.java:39) - stQuery...
2019-07-02  INFO [main] (DbConnection.java:28) - Connection successful
2019-07-02 ERROR [main] (DbConnection.java:39) - stQuery...
2019-07-02  INFO [main] (DbConnection.java:28) - Connection successful
2019-07-02 ERROR [main] (DbConnection.java:39) - stQuery...
2019-07-02  INFO [main] (DbConnection.java:28) - Connection successful
2019-07-02  INFO [main] (DbConnection.java:28) - Connection successful
2019-07-02 ERROR [main] (DbConnection.java:49) - getSt...
2019-07-02  INFO [main] (DbConnection.java:28) - Connection successful
2019-07-02 ERROR [main] (DbConnection.java:49) - getSt...
2019-07-02  INFO [main] (DbConnection.java:28) - Connection successful
2019-07-02 ERROR [main] (DbConnection.java:49) - getSt...
2019-07-02 ERROR [main] (DbConnection.java:49) - getSt...
2019-07-02  INFO [main] (DbConnection.java:28) - Connection successful
2019-07-02  INFO [main] (DbConnection.java:28) - Connection successful
2019-07-02 ERROR [main] (DbConnection.java:49) - getSt...
2019-07-02  INFO [main] (DbConnection.java:28) - Connection successful
2019-07-02 ERROR [main] (DbConnection.java:49) - getSt...
2019-07-02  INFO [main] (DbConnection.java:28) - Connection successful
2019-07-02 ERROR [main] (DbConnection.java:49) - getSt...
2019-07-02 ERROR [main] (DbConnection.java:48) - getSt...
2019-07-02 ERROR [main] (DbConnection.java:48) - getSt...
2019-07-02 ERROR [main] (DbConnection.java:48) - getSt...
2019-07-02 ERROR [main] (DbConnection.java:48) - getSt...
2019-07-02 ERROR [main] (DbConnection.java:48) - getSt...
2019-07-02 ERROR [main] (DbConnection.java:48) - getSt...
2019-07-02 ERROR [main] (DbConnection.java:89) - listNot
2019-07-02 ERROR [main] (DbConnection.java:89) - listNot
2019-07-02 ERROR [main] (DbConnection.java:89) - listNot
2019-07-02 ERROR [main] (DbConnection.java:47) - getSt...
